<?xml version="1.0" encoding="UTF-8"?>
<testng-results skipped="0" failed="0" ignored="0" total="1" passed="1">
  <reporter-output>
  </reporter-output>
  <suite name="TestExecution" duration-ms="472" started-at="2019-03-13T04:33:30Z" finished-at="2019-03-13T04:33:31Z">
    <groups>
    </groups>
    <test name="TestRun" duration-ms="472" started-at="2019-03-13T04:33:30Z" finished-at="2019-03-13T04:33:31Z">
      <class name="driver.DriverScript">
        <test-method status="PASS" signature="loadClassFile()[pri:0, instance:driver.DriverScript@7e0ea639]" name="loadClassFile" is-config="true" duration-ms="10" started-at="2019-03-13T10:03:30Z" finished-at="2019-03-13T10:03:30Z">
          <reporter-output>
          </reporter-output>
        </test-method> <!-- loadClassFile -->
        <test-method status="PASS" signature="preRequisite()[pri:0, instance:driver.DriverScript@7e0ea639]" name="preRequisite" is-config="true" duration-ms="463" started-at="2019-03-13T10:03:30Z" finished-at="2019-03-13T10:03:31Z">
          <reporter-output>
          </reporter-output>
        </test-method> <!-- preRequisite -->
        <test-method status="PASS" signature="runTestScripts()[pri:0, instance:driver.DriverScript@7e0ea639]" name="runTestScripts" duration-ms="1" started-at="2019-03-13T10:03:31Z" finished-at="2019-03-13T10:03:31Z">
          <reporter-output>
          </reporter-output>
        </test-method> <!-- runTestScripts -->
        <test-method status="PASS" signature="postRequisite()[pri:0, instance:driver.DriverScript@7e0ea639]" name="postRequisite" is-config="true" duration-ms="3" started-at="2019-03-13T10:03:31Z" finished-at="2019-03-13T10:03:31Z">
          <reporter-output>
          </reporter-output>
        </test-method> <!-- postRequisite -->
      </class> <!-- driver.DriverScript -->
    </test> <!-- TestRun -->
  </suite> <!-- TestExecution -->
</testng-results>
